Using pre-set license
Built from '2020.3/staging' branch; Version is '2020.3.0f1 (c7b5465681fb) revision 13088070'; Using compiler version '192528614'; Build Type 'Release'
OS: 'Windows 10 Pro; OS build 19044.1645; Version 2009; 64bit' Language: 'en' Physical Memory: 16328 MB
BatchMode: 1, IsHumanControllingUs: 0, StartBugReporterOnCrash: 0, Is64bit: 1, IsPro: 0

 COMMAND LINE ARGUMENTS:
G:\Unity\2020.3.0f1\Editor\Unity.exe
-adb2
-batchMode
-noUpm
-name
AssetImportWorker0
-projectPath
D:/Hard Drive - Documents/Unity Games/Github/ITCS_4232_Game/ITCS_4232_G
-logFile
Logs/AssetImportWorker0.log
-srvPort
49298
Successfully changed project path to: D:/Hard Drive - Documents/Unity Games/Github/ITCS_4232_Game/ITCS_4232_G
D:/Hard Drive - Documents/Unity Games/Github/ITCS_4232_Game/ITCS_4232_G
Using Asset Import Pipeline V2.
Refreshing native plugins compatible for Editor in 38.85 ms, found 1 plugins.
Preloading 0 native plugins for Editor in 0.00 ms.
Initialize engine version: 2020.3.0f1 (c7b5465681fb)
[Subsystems] Discovering subsystems at path G:/Unity/2020.3.0f1/Editor/Data/Resources/UnitySubsystems
[Subsystems] Discovering subsystems at path D:/Hard Drive - Documents/Unity Games/Github/ITCS_4232_Game/ITCS_4232_G/Assets
GfxDevice: creating device client; threaded=0
Direct3D:
    Version:  Direct3D 11.0 [level 11.1]
    Renderer: NVIDIA GeForce GTX 1070 (ID=0x1b81)
    Vendor:   
    VRAM:     8088 MB
    Driver:   30.0.15.1179
Initialize mono
Mono path[0] = 'G:/Unity/2020.3.0f1/Editor/Data/Managed'
Mono path[1] = 'G:/Unity/2020.3.0f1/Editor/Data/MonoBleedingEdge/lib/mono/unityjit'
Mono config path = 'G:/Unity/2020.3.0f1/Editor/Data/MonoBleedingEdge/etc'
Using monoOptions --debugger-agent=transport=dt_socket,embedding=1,server=y,suspend=n,address=127.0.0.1:56288
Begin MonoManager ReloadAssembly
Registering precompiled unity dll's ...
Register platform support module: G:/Unity/2020.3.0f1/Editor/Data/PlaybackEngines/WebGLSupport/UnityEditor.WebGL.Extensions.dll
Register platform support module: G:/Unity/2020.3.0f1/Editor/Data/PlaybackEngines/WindowsStandaloneSupport/UnityEditor.WindowsStandalone.Extensions.dll
Registered in 0.001070 seconds.
Native extension for WindowsStandalone target not found
Native extension for WebGL target not found
Refreshing native plugins compatible for Editor in 27.52 ms, found 1 plugins.
Preloading 0 native plugins for Editor in 0.00 ms.
Invoked RoslynAnalysisRunner static constructor.
RoslynAnalysisRunner will not be running.
RoslynAnalysisRunner has terminated.
Mono: successfully reloaded assembly
- Completed reload, in  0.902 seconds
Platform modules already initialized, skipping
Registering precompiled user dll's ...
Registered in 0.000692 seconds.
Begin MonoManager ReloadAssembly
Native extension for WindowsStandalone target not found
Native extension for WebGL target not found
Refreshing native plugins compatible for Editor in 29.36 ms, found 1 plugins.
Preloading 0 native plugins for Editor in 0.00 ms.
Invoked RoslynAnalysisRunner static constructor.
RoslynAnalysisRunner will not be running.
RoslynAnalysisRunner has terminated.
Mono: successfully reloaded assembly
- Completed reload, in  0.656 seconds
Platform modules already initialized, skipping
========================================================================
Worker process is ready to serve import requests
Launched and connected shader compiler UnityShaderCompiler.exe after 0.04 seconds
Refreshing native plugins compatible for Editor in 0.38 ms, found 1 plugins.
Preloading 0 native plugins for Editor in 0.00 ms.
Unloading 1826 Unused Serialized files (Serialized files now loaded: 0)
System memory in use before: 85.4 MB.
System memory in use after: 85.4 MB.

Unloading 24 unused Assets to reduce memory usage. Loaded Objects now: 2271.
Total: 2.225700 ms (FindLiveObjects: 0.184100 ms CreateObjectMapping: 0.148200 ms MarkObjects: 1.755300 ms  DeleteObjects: 0.137100 ms)

========================================================================
Received Import Request.
  path: Assets/Scripts/Enemies/Skeleton/SkeletonCombat.cs
  artifactKey: Guid(7c040ce2019bf6c479310b51382c4ba2) Importer(815301076,1909f56bfc062723c751e8b465ee728b)
Start importing Assets/Scripts/Enemies/Skeleton/SkeletonCombat.cs using Guid(7c040ce2019bf6c479310b51382c4ba2) Importer(815301076,1909f56bfc062723c751e8b465ee728b)  -> (artifact id: '292e0c783e89cf19ac1a30f10e24f6b3') in 0.028678 seconds
  Import took 0.370661 seconds .

========================================================================
Received Import Request.
  Time since last request: 56.291986 seconds.
  path: Assets/Enemies/SkelePatrol1.prefab
  artifactKey: Guid(f81970f0942cb7346ae63a4e8ada8637) Importer(815301076,1909f56bfc062723c751e8b465ee728b)
Start importing Assets/Enemies/SkelePatrol1.prefab using Guid(f81970f0942cb7346ae63a4e8ada8637) Importer(815301076,1909f56bfc062723c751e8b465ee728b)  -> (artifact id: 'e15fb868fefe311325b1f2630c315a22') in 0.137434 seconds
  Import took 0.156659 seconds .

========================================================================
Received Import Request.
  Time since last request: 99.344778 seconds.
  path: Assets/Enemies/SkelePatrol1.prefab
  artifactKey: Guid(f81970f0942cb7346ae63a4e8ada8637) Importer(815301076,1909f56bfc062723c751e8b465ee728b)
Start importing Assets/Enemies/SkelePatrol1.prefab using Guid(f81970f0942cb7346ae63a4e8ada8637) Importer(815301076,1909f56bfc062723c751e8b465ee728b)  -> (artifact id: '182bae61c14269c9ebc27e00fab2ceeb') in 0.012000 seconds
  Import took 0.025603 seconds .

========================================================================
Received Import Request.
  Time since last request: 4.124006 seconds.
  path: Assets/Enemies/SkelePatrol1 1.prefab
  artifactKey: Guid(b6921613897cb9946ad84b4e97500668) Importer(815301076,1909f56bfc062723c751e8b465ee728b)
Start importing Assets/Enemies/SkelePatrol1 1.prefab using Guid(b6921613897cb9946ad84b4e97500668) Importer(815301076,1909f56bfc062723c751e8b465ee728b)  -> (artifact id: '31125da49b67de78d8f82259cde7b639') in 0.012248 seconds
  Import took 0.021136 seconds .

========================================================================
Received Import Request.
  Time since last request: 0.001714 seconds.
  path: Assets/Enemies/SkelePatrol1 1.prefab
  artifactKey: Guid(b6921613897cb9946ad84b4e97500668) Importer(815301076,1909f56bfc062723c751e8b465ee728b)
Start importing Assets/Enemies/SkelePatrol1 1.prefab using Guid(b6921613897cb9946ad84b4e97500668) Importer(815301076,1909f56bfc062723c751e8b465ee728b)  -> (artifact id: '31125da49b67de78d8f82259cde7b639') in 0.009630 seconds
  Import took 0.011919 seconds .

========================================================================
Received Import Request.
  Time since last request: 10.927078 seconds.
  path: Assets/Enemies/SkelePatrol.prefab
  artifactKey: Guid(b6921613897cb9946ad84b4e97500668) Importer(815301076,1909f56bfc062723c751e8b465ee728b)
Start importing Assets/Enemies/SkelePatrol.prefab using Guid(b6921613897cb9946ad84b4e97500668) Importer(815301076,1909f56bfc062723c751e8b465ee728b)  -> (artifact id: 'a7146f7f808553add579c92a4cd0fe27') in 0.012782 seconds
  Import took 0.048479 seconds .

========================================================================
Received Prepare
Registering precompiled user dll's ...
Registered in 0.000663 seconds.
Begin MonoManager ReloadAssembly
Native extension for WindowsStandalone target not found
Native extension for WebGL target not found
Refreshing native plugins compatible for Editor in 0.40 ms, found 1 plugins.
Preloading 0 native plugins for Editor in 0.00 ms.
Invoked RoslynAnalysisRunner static constructor.
RoslynAnalysisRunner will not be running.
RoslynAnalysisRunner has terminated.
Mono: successfully reloaded assembly
- Completed reload, in  0.556 seconds
Platform modules already initialized, skipping
Refreshing native plugins compatible for Editor in 0.34 ms, found 1 plugins.
Preloading 0 native plugins for Editor in 0.00 ms.
Unloading 1821 Unused Serialized files (Serialized files now loaded: 0)
System memory in use before: 88.6 MB.
System memory in use after: 88.5 MB.

Unloading 12 unused Assets to reduce memory usage. Loaded Objects now: 2282.
Total: 1.628800 ms (FindLiveObjects: 0.126100 ms CreateObjectMapping: 0.042900 ms MarkObjects: 1.395900 ms  DeleteObjects: 0.063300 ms)

========================================================================
Received Import Request.
  Time since last request: 28.341402 seconds.
  path: Assets/Enemies/FlyingEyeObjs.prefab
  artifactKey: Guid(1e2f9893479fc0148beb3d4a1bfe486b) Importer(815301076,1909f56bfc062723c751e8b465ee728b)
Start importing Assets/Enemies/FlyingEyeObjs.prefab using Guid(1e2f9893479fc0148beb3d4a1bfe486b) Importer(815301076,1909f56bfc062723c751e8b465ee728b) Asset 'FlyingEye': Transition 'Eye_Fly -> Eye_Attack2' in state 'Eye_Fly' doesn't have an Exit Time or any condition, transition will be ignored
UnityEngine.StackTraceUtility:ExtractStackTrace ()
UnityEditor.EditorUtility:Internal_InstantiateRemoveAllNonAnimationComponentsSingle (UnityEngine.Object,UnityEngine.Vector3,UnityEngine.Quaternion)
UnityEditor.EditorUtility:InstantiateRemoveAllNonAnimationComponents (UnityEngine.Object,UnityEngine.Vector3,UnityEngine.Quaternion)
UnityEditor.EditorUtility:InstantiateForAnimatorPreview (UnityEngine.Object)
UnityEditor.GameObjectInspector/PreviewData:UpdateGameObject (UnityEngine.Object)
UnityEditor.GameObjectInspector/PreviewData:.ctor (UnityEngine.Object)
UnityEditor.GameObjectInspector:GetPreviewData ()
UnityEditor.GameObjectInspector:RenderStaticPreview (string,UnityEngine.Object[],int,int)
UnityEditor.AssetPreviewUpdater:CreatePreviewForAsset (UnityEngine.Object,UnityEngine.Object[],string)

[C:\buildslave\unity\build\Editor/Src/Animation/StateMachine.cpp line 1847]

 -> (artifact id: 'dd122b69f6a8818097649c9a014cd601') in 0.041719 seconds
  Import took 0.072530 seconds .

========================================================================
Received Import Request.
  Time since last request: 3.575223 seconds.
  path: Assets/Enemies/GoblinPatrol1.prefab
  artifactKey: Guid(1c9c6d415361a7844afcf022a0a4830a) Importer(815301076,1909f56bfc062723c751e8b465ee728b)
Start importing Assets/Enemies/GoblinPatrol1.prefab using Guid(1c9c6d415361a7844afcf022a0a4830a) Importer(815301076,1909f56bfc062723c751e8b465ee728b)  -> (artifact id: 'e4b6caf46be22534a34ec850e3526776') in 0.011358 seconds
  Import took 0.037008 seconds .

========================================================================
Received Import Request.
  Time since last request: 10.970254 seconds.
  path: Assets/Enemies/Traps/Fire 1.prefab
  artifactKey: Guid(8eb5f8f8037f4bd4d884fec724890554) Importer(815301076,1909f56bfc062723c751e8b465ee728b)
Start importing Assets/Enemies/Traps/Fire 1.prefab using Guid(8eb5f8f8037f4bd4d884fec724890554) Importer(815301076,1909f56bfc062723c751e8b465ee728b)  -> (artifact id: 'b58871cf05b15c2be61cdccf458592f8') in 0.008086 seconds
  Import took 0.023281 seconds .

========================================================================
Received Import Request.
  Time since last request: 0.002431 seconds.
  path: Assets/Enemies/Traps/Fire 1.prefab
  artifactKey: Guid(8eb5f8f8037f4bd4d884fec724890554) Importer(815301076,1909f56bfc062723c751e8b465ee728b)
Start importing Assets/Enemies/Traps/Fire 1.prefab using Guid(8eb5f8f8037f4bd4d884fec724890554) Importer(815301076,1909f56bfc062723c751e8b465ee728b)  -> (artifact id: 'b58871cf05b15c2be61cdccf458592f8') in 0.004733 seconds
  Import took 0.006698 seconds .

========================================================================
Received Import Request.
  Time since last request: 13.370307 seconds.
  path: Assets/Player 1.prefab
  artifactKey: Guid(e163fa7488f859540a63ec81473de891) Importer(815301076,1909f56bfc062723c751e8b465ee728b)
Start importing Assets/Player 1.prefab using Guid(e163fa7488f859540a63ec81473de891) Importer(815301076,1909f56bfc062723c751e8b465ee728b)  -> (artifact id: 'fdb2452f5d1d89238c512b93c0e5ed80') in 0.020090 seconds
  Import took 0.033422 seconds .

========================================================================
Received Import Request.
  Time since last request: 0.002122 seconds.
  path: Assets/Player 1.prefab
  artifactKey: Guid(e163fa7488f859540a63ec81473de891) Importer(815301076,1909f56bfc062723c751e8b465ee728b)
Start importing Assets/Player 1.prefab using Guid(e163fa7488f859540a63ec81473de891) Importer(815301076,1909f56bfc062723c751e8b465ee728b)  -> (artifact id: 'fdb2452f5d1d89238c512b93c0e5ed80') in 0.011577 seconds
  Import took 0.013888 seconds .

========================================================================
Received Import Request.
  Time since last request: 24.991099 seconds.
  path: Assets/Scenes/Level1.unity
  artifactKey: Guid(8d2b8b746eb6dc144af517f02e1b37fb) Importer(815301076,1909f56bfc062723c751e8b465ee728b)
Start importing Assets/Scenes/Level1.unity using Guid(8d2b8b746eb6dc144af517f02e1b37fb) Importer(815301076,1909f56bfc062723c751e8b465ee728b)  -> (artifact id: '3efaffe840bd0c463829e28d6f2ce429') in 0.005879 seconds
  Import took 0.028449 seconds .

========================================================================
Received Import Request.
  Time since last request: 13.573874 seconds.
  path: Assets/Scenes/TestLevel.unity
  artifactKey: Guid(2cda990e2423bbf4892e6590ba056729) Importer(815301076,1909f56bfc062723c751e8b465ee728b)
Start importing Assets/Scenes/TestLevel.unity using Guid(2cda990e2423bbf4892e6590ba056729) Importer(815301076,1909f56bfc062723c751e8b465ee728b)  -> (artifact id: '6ff88639f9687d8af626a5dc2111b43b') in 0.004879 seconds
  Import took 0.018058 seconds .

========================================================================
Received Import Request.
  Time since last request: 0.882750 seconds.
  path: Assets/Scenes/TestLevel 1.unity
  artifactKey: Guid(83e35f946beebb84899efab4d15fbfdb) Importer(815301076,1909f56bfc062723c751e8b465ee728b)
Start importing Assets/Scenes/TestLevel 1.unity using Guid(83e35f946beebb84899efab4d15fbfdb) Importer(815301076,1909f56bfc062723c751e8b465ee728b)  -> (artifact id: 'f4df5b0996b64df3d6a4531d1b1477e7') in 0.004404 seconds
  Import took 0.022331 seconds .

========================================================================
Received Import Request.
  Time since last request: 20.035051 seconds.
  path: Assets/Scenes/Level_1.unity
  artifactKey: Guid(83e35f946beebb84899efab4d15fbfdb) Importer(815301076,1909f56bfc062723c751e8b465ee728b)
Start importing Assets/Scenes/Level_1.unity using Guid(83e35f946beebb84899efab4d15fbfdb) Importer(815301076,1909f56bfc062723c751e8b465ee728b)  -> (artifact id: 'a607fdbd4a61d1e58d56d2029aadd3b9') in 0.005193 seconds
  Import took 0.022742 seconds .

========================================================================
Received Import Request.
  Time since last request: 49.278242 seconds.
  path: Assets/Cainos/Pixel Art Platformer - Village Props/Texture/Tiles
  artifactKey: Guid(c3b8f9b226e399e4d84bee11adc64eff) Importer(815301076,1909f56bfc062723c751e8b465ee728b)
Start importing Assets/Cainos/Pixel Art Platformer - Village Props/Texture/Tiles using Guid(c3b8f9b226e399e4d84bee11adc64eff) Importer(815301076,1909f56bfc062723c751e8b465ee728b)  -> (artifact id: 'fc3902192cc85e0c5c4351e0d5caa952') in 0.004957 seconds
  Import took 0.024913 seconds .

========================================================================
Received Prepare
Registering precompiled user dll's ...
Registered in 0.001002 seconds.
Begin MonoManager ReloadAssembly
Native extension for WindowsStandalone target not found
Native extension for WebGL target not found
Refreshing native plugins compatible for Editor in 0.39 ms, found 1 plugins.
Preloading 0 native plugins for Editor in 0.00 ms.
Invoked RoslynAnalysisRunner static constructor.
RoslynAnalysisRunner will not be running.
RoslynAnalysisRunner has terminated.
Mono: successfully reloaded assembly
- Completed reload, in  0.576 seconds
Platform modules already initialized, skipping
Refreshing native plugins compatible for Editor in 0.38 ms, found 1 plugins.
Preloading 0 native plugins for Editor in 0.00 ms.
Unloading 1821 Unused Serialized files (Serialized files now loaded: 0)
System memory in use before: 88.8 MB.
System memory in use after: 88.8 MB.

Unloading 12 unused Assets to reduce memory usage. Loaded Objects now: 2287.
Total: 1.834300 ms (FindLiveObjects: 0.191000 ms CreateObjectMapping: 0.061700 ms MarkObjects: 1.488800 ms  DeleteObjects: 0.091900 ms)

========================================================================
Received Prepare
Registering precompiled user dll's ...
Registered in 0.000800 seconds.
Begin MonoManager ReloadAssembly
Native extension for WindowsStandalone target not found
Native extension for WebGL target not found
Refreshing native plugins compatible for Editor in 0.64 ms, found 1 plugins.
Preloading 0 native plugins for Editor in 0.00 ms.
Invoked RoslynAnalysisRunner static constructor.
RoslynAnalysisRunner will not be running.
RoslynAnalysisRunner has terminated.
Mono: successfully reloaded assembly
- Completed reload, in  0.595 seconds
Platform modules already initialized, skipping
Refreshing native plugins compatible for Editor in 0.35 ms, found 1 plugins.
Preloading 0 native plugins for Editor in 0.00 ms.
Unloading 1821 Unused Serialized files (Serialized files now loaded: 0)
System memory in use before: 88.8 MB.
System memory in use after: 88.8 MB.

Unloading 12 unused Assets to reduce memory usage. Loaded Objects now: 2291.
Total: 1.641000 ms (FindLiveObjects: 0.159000 ms CreateObjectMapping: 0.051000 ms MarkObjects: 1.346700 ms  DeleteObjects: 0.083700 ms)

========================================================================
Received Prepare
Registering precompiled user dll's ...
Registered in 0.000743 seconds.
Begin MonoManager ReloadAssembly
Native extension for WindowsStandalone target not found
Native extension for WebGL target not found
Refreshing native plugins compatible for Editor in 0.42 ms, found 1 plugins.
Preloading 0 native plugins for Editor in 0.00 ms.
Invoked RoslynAnalysisRunner static constructor.
RoslynAnalysisRunner will not be running.
RoslynAnalysisRunner has terminated.
Mono: successfully reloaded assembly
- Completed reload, in  0.563 seconds
Platform modules already initialized, skipping
Refreshing native plugins compatible for Editor in 0.33 ms, found 1 plugins.
Preloading 0 native plugins for Editor in 0.00 ms.
Unloading 1821 Unused Serialized files (Serialized files now loaded: 0)
System memory in use before: 88.8 MB.
System memory in use after: 88.8 MB.

Unloading 12 unused Assets to reduce memory usage. Loaded Objects now: 2295.
Total: 1.592300 ms (FindLiveObjects: 0.182100 ms CreateObjectMapping: 0.042900 ms MarkObjects: 1.282700 ms  DeleteObjects: 0.083900 ms)

========================================================================
Received Prepare
Registering precompiled user dll's ...
Registered in 0.000694 seconds.
Begin MonoManager ReloadAssembly
Native extension for WindowsStandalone target not found
Native extension for WebGL target not found
Refreshing native plugins compatible for Editor in 0.39 ms, found 1 plugins.
Preloading 0 native plugins for Editor in 0.00 ms.
Invoked RoslynAnalysisRunner static constructor.
RoslynAnalysisRunner will not be running.
RoslynAnalysisRunner has terminated.
Mono: successfully reloaded assembly
- Completed reload, in  0.571 seconds
Platform modules already initialized, skipping
Refreshing native plugins compatible for Editor in 0.38 ms, found 1 plugins.
Preloading 0 native plugins for Editor in 0.00 ms.
Unloading 1821 Unused Serialized files (Serialized files now loaded: 0)
System memory in use before: 88.8 MB.
System memory in use after: 88.8 MB.

Unloading 12 unused Assets to reduce memory usage. Loaded Objects now: 2299.
Total: 1.543500 ms (FindLiveObjects: 0.134100 ms CreateObjectMapping: 0.041400 ms MarkObjects: 1.299600 ms  DeleteObjects: 0.067800 ms)

========================================================================
Received Prepare
Registering precompiled user dll's ...
Registered in 0.000665 seconds.
Begin MonoManager ReloadAssembly
Native extension for WindowsStandalone target not found
Native extension for WebGL target not found
Refreshing native plugins compatible for Editor in 0.40 ms, found 1 plugins.
Preloading 0 native plugins for Editor in 0.00 ms.
Invoked RoslynAnalysisRunner static constructor.
RoslynAnalysisRunner will not be running.
RoslynAnalysisRunner has terminated.
Mono: successfully reloaded assembly
- Completed reload, in  0.581 seconds
Platform modules already initialized, skipping
Refreshing native plugins compatible for Editor in 0.34 ms, found 1 plugins.
Preloading 0 native plugins for Editor in 0.00 ms.
Unloading 1821 Unused Serialized files (Serialized files now loaded: 0)
System memory in use before: 88.8 MB.
System memory in use after: 88.8 MB.

Unloading 12 unused Assets to reduce memory usage. Loaded Objects now: 2303.
Total: 1.595700 ms (FindLiveObjects: 0.144200 ms CreateObjectMapping: 0.047900 ms MarkObjects: 1.329600 ms  DeleteObjects: 0.073300 ms)

========================================================================
Received Prepare
Registering precompiled user dll's ...
Registered in 0.000923 seconds.
Begin MonoManager ReloadAssembly
Native extension for WindowsStandalone target not found
Native extension for WebGL target not found
Refreshing native plugins compatible for Editor in 0.42 ms, found 1 plugins.
Preloading 0 native plugins for Editor in 0.00 ms.
Invoked RoslynAnalysisRunner static constructor.
RoslynAnalysisRunner will not be running.
RoslynAnalysisRunner has terminated.
Mono: successfully reloaded assembly
- Completed reload, in  0.558 seconds
Platform modules already initialized, skipping
Refreshing native plugins compatible for Editor in 0.33 ms, found 1 plugins.
Preloading 0 native plugins for Editor in 0.00 ms.
Unloading 1821 Unused Serialized files (Serialized files now loaded: 0)
System memory in use before: 88.9 MB.
System memory in use after: 88.8 MB.

Unloading 12 unused Assets to reduce memory usage. Loaded Objects now: 2307.
Total: 1.547600 ms (FindLiveObjects: 0.142900 ms CreateObjectMapping: 0.041600 ms MarkObjects: 1.298000 ms  DeleteObjects: 0.064400 ms)

========================================================================
Received Import Request.
  Time since last request: 709.549242 seconds.
  path: Assets/Enemies/Traps/Fire 1.prefab
  artifactKey: Guid(8eb5f8f8037f4bd4d884fec724890554) Importer(815301076,1909f56bfc062723c751e8b465ee728b)
Start importing Assets/Enemies/Traps/Fire 1.prefab using Guid(8eb5f8f8037f4bd4d884fec724890554) Importer(815301076,1909f56bfc062723c751e8b465ee728b)  -> (artifact id: '794b4518b66110c8b216be0289a40904') in 0.034253 seconds
  Import took 0.043062 seconds .

========================================================================
Received Prepare
Registering precompiled user dll's ...
Registered in 0.001314 seconds.
Begin MonoManager ReloadAssembly
Native extension for WindowsStandalone target not found
Native extension for WebGL target not found
Refreshing native plugins compatible for Editor in 0.38 ms, found 1 plugins.
Preloading 0 native plugins for Editor in 0.00 ms.
Invoked RoslynAnalysisRunner static constructor.
RoslynAnalysisRunner will not be running.
RoslynAnalysisRunner has terminated.
Mono: successfully reloaded assembly
- Completed reload, in  0.561 seconds
Platform modules already initialized, skipping
Refreshing native plugins compatible for Editor in 0.34 ms, found 1 plugins.
Preloading 0 native plugins for Editor in 0.00 ms.
Unloading 1821 Unused Serialized files (Serialized files now loaded: 0)
System memory in use before: 88.9 MB.
System memory in use after: 88.9 MB.

Unloading 12 unused Assets to reduce memory usage. Loaded Objects now: 2312.
Total: 1.748900 ms (FindLiveObjects: 0.187600 ms CreateObjectMapping: 0.051300 ms MarkObjects: 1.412200 ms  DeleteObjects: 0.097100 ms)

========================================================================
Received Import Request.
  Time since last request: 32.646580 seconds.
  path: Assets/Audio/Sword Audio/mixkit-metal-hit-woosh-1485.wav
  artifactKey: Guid(50bb29115267a1b49b892e286b5afeac) Importer(815301076,1909f56bfc062723c751e8b465ee728b)
Start importing Assets/Audio/Sword Audio/mixkit-metal-hit-woosh-1485.wav using Guid(50bb29115267a1b49b892e286b5afeac) Importer(815301076,1909f56bfc062723c751e8b465ee728b)  -> (artifact id: '6efa15149e16f81051808b7d1789ecf1') in 0.134291 seconds
  Import took 0.146484 seconds .

========================================================================
Received Import Request.
  Time since last request: 0.000153 seconds.
  path: Assets/Audio/Sword Audio/mixkit-dagger-woosh-1487.wav
  artifactKey: Guid(a14f16a6f5e101048936680d9eb06874) Importer(815301076,1909f56bfc062723c751e8b465ee728b)
Start importing Assets/Audio/Sword Audio/mixkit-dagger-woosh-1487.wav using Guid(a14f16a6f5e101048936680d9eb06874) Importer(815301076,1909f56bfc062723c751e8b465ee728b)  -> (artifact id: '51b6b9183bbf9d7f3903b0d75257c654') in 0.036709 seconds
  Import took 0.077490 seconds .

